<?xml version="1.0" encoding="UTF-8"?>
<testsuite xmlns:xsi="http://www.w3.org/2001/XMLSchema-instance" xsi:noNamespaceSchemaLocation="https://maven.apache.org/surefire/maven-surefire-plugin/xsd/surefire-test-report.xsd" name="TestSuite" time="8.953" tests="0" errors="0" skipped="0" failures="0">
  <properties>
    <property name="java.specification.version" value="20"/>
    <property name="sun.cpu.isalist" value="amd64"/>
    <property name="sun.jnu.encoding" value="Cp1252"/>
    <property name="java.class.path" value="C:\Users\SRIKANTH RAMAGIRI\eclipse-workspace\CucumberBddProject\target\test-classes;C:\Users\SRIKANTH RAMAGIRI\eclipse-workspace\CucumberBddProject\target\classes;C:\Users\SRIKANTH RAMAGIRI\.m2\repository\junit\junit\4.13.2\junit-4.13.2.jar;C:\Users\SRIKANTH RAMAGIRI\.m2\repository\org\hamcrest\hamcrest-core\1.3\hamcrest-core-1.3.jar;C:\Users\SRIKANTH RAMAGIRI\.m2\repository\io\cucumber\cucumber-junit\7.14.0\cucumber-junit-7.14.0.jar;C:\Users\SRIKANTH RAMAGIRI\.m2\repository\org\apiguardian\apiguardian-api\1.1.2\apiguardian-api-1.1.2.jar;C:\Users\SRIKANTH RAMAGIRI\.m2\repository\io\cucumber\cucumber-core\7.14.0\cucumber-core-7.14.0.jar;C:\Users\SRIKANTH RAMAGIRI\.m2\repository\io\cucumber\cucumber-gherkin\7.14.0\cucumber-gherkin-7.14.0.jar;C:\Users\SRIKANTH RAMAGIRI\.m2\repository\io\cucumber\cucumber-gherkin-messages\7.14.0\cucumber-gherkin-messages-7.14.0.jar;C:\Users\SRIKANTH RAMAGIRI\.m2\repository\io\cucumber\gherkin\26.2.0\gherkin-26.2.0.jar;C:\Users\SRIKANTH RAMAGIRI\.m2\repository\io\cucumber\messages\22.0.0\messages-22.0.0.jar;C:\Users\SRIKANTH RAMAGIRI\.m2\repository\io\cucumber\tag-expressions\5.0.6\tag-expressions-5.0.6.jar;C:\Users\SRIKANTH RAMAGIRI\.m2\repository\io\cucumber\cucumber-expressions\16.1.2\cucumber-expressions-16.1.2.jar;C:\Users\SRIKANTH RAMAGIRI\.m2\repository\io\cucumber\datatable\7.14.0\datatable-7.14.0.jar;C:\Users\SRIKANTH RAMAGIRI\.m2\repository\io\cucumber\cucumber-plugin\7.14.0\cucumber-plugin-7.14.0.jar;C:\Users\SRIKANTH RAMAGIRI\.m2\repository\io\cucumber\docstring\7.14.0\docstring-7.14.0.jar;C:\Users\SRIKANTH RAMAGIRI\.m2\repository\io\cucumber\html-formatter\20.4.0\html-formatter-20.4.0.jar;C:\Users\SRIKANTH RAMAGIRI\.m2\repository\io\cucumber\junit-xml-formatter\0.2.0\junit-xml-formatter-0.2.0.jar;C:\Users\SRIKANTH RAMAGIRI\.m2\repository\io\cucumber\ci-environment\9.2.0\ci-environment-9.2.0.jar;C:\Users\SRIKANTH RAMAGIRI\.m2\repository\io\cucumber\cucumber-java\7.14.0\cucumber-java-7.14.0.jar;C:\Users\SRIKANTH RAMAGIRI\.m2\repository\io\rest-assured\rest-assured\5.3.2\rest-assured-5.3.2.jar;C:\Users\SRIKANTH RAMAGIRI\.m2\repository\org\apache\groovy\groovy\4.0.11\groovy-4.0.11.jar;C:\Users\SRIKANTH RAMAGIRI\.m2\repository\org\apache\groovy\groovy-xml\4.0.11\groovy-xml-4.0.11.jar;C:\Users\SRIKANTH RAMAGIRI\.m2\repository\org\apache\httpcomponents\httpclient\4.5.13\httpclient-4.5.13.jar;C:\Users\SRIKANTH RAMAGIRI\.m2\repository\org\apache\httpcomponents\httpcore\4.4.13\httpcore-4.4.13.jar;C:\Users\SRIKANTH RAMAGIRI\.m2\repository\commons-logging\commons-logging\1.2\commons-logging-1.2.jar;C:\Users\SRIKANTH RAMAGIRI\.m2\repository\commons-codec\commons-codec\1.11\commons-codec-1.11.jar;C:\Users\SRIKANTH RAMAGIRI\.m2\repository\org\apache\httpcomponents\httpmime\4.5.13\httpmime-4.5.13.jar;C:\Users\SRIKANTH RAMAGIRI\.m2\repository\org\ccil\cowan\tagsoup\tagsoup\1.2.1\tagsoup-1.2.1.jar;C:\Users\SRIKANTH RAMAGIRI\.m2\repository\io\rest-assured\json-path\5.3.2\json-path-5.3.2.jar;C:\Users\SRIKANTH RAMAGIRI\.m2\repository\org\apache\groovy\groovy-json\4.0.11\groovy-json-4.0.11.jar;C:\Users\SRIKANTH RAMAGIRI\.m2\repository\io\rest-assured\rest-assured-common\5.3.2\rest-assured-common-5.3.2.jar;C:\Users\SRIKANTH RAMAGIRI\.m2\repository\io\rest-assured\xml-path\5.3.2\xml-path-5.3.2.jar;C:\Users\SRIKANTH RAMAGIRI\.m2\repository\org\apache\commons\commons-lang3\3.11\commons-lang3-3.11.jar;C:\Users\SRIKANTH RAMAGIRI\.m2\repository\org\testng\testng\7.7.1\testng-7.7.1.jar;C:\Users\SRIKANTH RAMAGIRI\.m2\repository\org\slf4j\slf4j-api\1.7.36\slf4j-api-1.7.36.jar;C:\Users\SRIKANTH RAMAGIRI\.m2\repository\org\webjars\jquery\3.6.1\jquery-3.6.1.jar;C:\Users\SRIKANTH RAMAGIRI\.m2\repository\org\hamcrest\hamcrest\2.2\hamcrest-2.2.jar;C:\Users\SRIKANTH RAMAGIRI\.m2\repository\org\apache\logging\log4j\log4j-slf4j-impl\2.22.1\log4j-slf4j-impl-2.22.1.jar;C:\Users\SRIKANTH RAMAGIRI\.m2\repository\org\apache\logging\log4j\log4j-api\2.22.1\log4j-api-2.22.1.jar;C:\Users\SRIKANTH RAMAGIRI\.m2\repository\org\apache\logging\log4j\log4j-core\2.22.1\log4j-core-2.22.1.jar;C:\Users\SRIKANTH RAMAGIRI\.m2\repository\com\beust\jcommander\1.82\jcommander-1.82.jar;C:\Users\SRIKANTH RAMAGIRI\.m2\repository\com\fasterxml\jackson\core\jackson-databind\2.16.1\jackson-databind-2.16.1.jar;C:\Users\SRIKANTH RAMAGIRI\.m2\repository\com\fasterxml\jackson\core\jackson-annotations\2.16.1\jackson-annotations-2.16.1.jar;C:\Users\SRIKANTH RAMAGIRI\.m2\repository\com\fasterxml\jackson\core\jackson-core\2.16.1\jackson-core-2.16.1.jar;"/>
    <property name="java.vm.vendor" value="Oracle Corporation"/>
    <property name="sun.arch.data.model" value="64"/>
    <property name="user.variant" value=""/>
    <property name="java.vendor.url" value="https://java.oracle.com/"/>
    <property name="user.timezone" value="Asia/Singapore"/>
    <property name="os.name" value="Windows 11"/>
    <property name="java.vm.specification.version" value="20"/>
    <property name="sun.java.launcher" value="SUN_STANDARD"/>
    <property name="user.country" value="IN"/>
    <property name="sun.boot.library.path" value="C:\Program Files\Java\jdk-20\bin"/>
    <property name="sun.java.command" value="C:\Users\SRIKAN~1\AppData\Local\Temp\surefire9314988208440108739\surefirebooter7349991563761804872.jar C:\Users\SRIKANTH RAMAGIRI\AppData\Local\Temp\surefire9314988208440108739 2024-02-14T20-35-25_493-jvmRun1 surefire5069638677452488973tmp surefire_016296149421522260962tmp"/>
    <property name="jdk.debug" value="release"/>
    <property name="surefire.test.class.path" value="C:\Users\SRIKANTH RAMAGIRI\eclipse-workspace\CucumberBddProject\target\test-classes;C:\Users\SRIKANTH RAMAGIRI\eclipse-workspace\CucumberBddProject\target\classes;C:\Users\SRIKANTH RAMAGIRI\.m2\repository\junit\junit\4.13.2\junit-4.13.2.jar;C:\Users\SRIKANTH RAMAGIRI\.m2\repository\org\hamcrest\hamcrest-core\1.3\hamcrest-core-1.3.jar;C:\Users\SRIKANTH RAMAGIRI\.m2\repository\io\cucumber\cucumber-junit\7.14.0\cucumber-junit-7.14.0.jar;C:\Users\SRIKANTH RAMAGIRI\.m2\repository\org\apiguardian\apiguardian-api\1.1.2\apiguardian-api-1.1.2.jar;C:\Users\SRIKANTH RAMAGIRI\.m2\repository\io\cucumber\cucumber-core\7.14.0\cucumber-core-7.14.0.jar;C:\Users\SRIKANTH RAMAGIRI\.m2\repository\io\cucumber\cucumber-gherkin\7.14.0\cucumber-gherkin-7.14.0.jar;C:\Users\SRIKANTH RAMAGIRI\.m2\repository\io\cucumber\cucumber-gherkin-messages\7.14.0\cucumber-gherkin-messages-7.14.0.jar;C:\Users\SRIKANTH RAMAGIRI\.m2\repository\io\cucumber\gherkin\26.2.0\gherkin-26.2.0.jar;C:\Users\SRIKANTH RAMAGIRI\.m2\repository\io\cucumber\messages\22.0.0\messages-22.0.0.jar;C:\Users\SRIKANTH RAMAGIRI\.m2\repository\io\cucumber\tag-expressions\5.0.6\tag-expressions-5.0.6.jar;C:\Users\SRIKANTH RAMAGIRI\.m2\repository\io\cucumber\cucumber-expressions\16.1.2\cucumber-expressions-16.1.2.jar;C:\Users\SRIKANTH RAMAGIRI\.m2\repository\io\cucumber\datatable\7.14.0\datatable-7.14.0.jar;C:\Users\SRIKANTH RAMAGIRI\.m2\repository\io\cucumber\cucumber-plugin\7.14.0\cucumber-plugin-7.14.0.jar;C:\Users\SRIKANTH RAMAGIRI\.m2\repository\io\cucumber\docstring\7.14.0\docstring-7.14.0.jar;C:\Users\SRIKANTH RAMAGIRI\.m2\repository\io\cucumber\html-formatter\20.4.0\html-formatter-20.4.0.jar;C:\Users\SRIKANTH RAMAGIRI\.m2\repository\io\cucumber\junit-xml-formatter\0.2.0\junit-xml-formatter-0.2.0.jar;C:\Users\SRIKANTH RAMAGIRI\.m2\repository\io\cucumber\ci-environment\9.2.0\ci-environment-9.2.0.jar;C:\Users\SRIKANTH RAMAGIRI\.m2\repository\io\cucumber\cucumber-java\7.14.0\cucumber-java-7.14.0.jar;C:\Users\SRIKANTH RAMAGIRI\.m2\repository\io\rest-assured\rest-assured\5.3.2\rest-assured-5.3.2.jar;C:\Users\SRIKANTH RAMAGIRI\.m2\repository\org\apache\groovy\groovy\4.0.11\groovy-4.0.11.jar;C:\Users\SRIKANTH RAMAGIRI\.m2\repository\org\apache\groovy\groovy-xml\4.0.11\groovy-xml-4.0.11.jar;C:\Users\SRIKANTH RAMAGIRI\.m2\repository\org\apache\httpcomponents\httpclient\4.5.13\httpclient-4.5.13.jar;C:\Users\SRIKANTH RAMAGIRI\.m2\repository\org\apache\httpcomponents\httpcore\4.4.13\httpcore-4.4.13.jar;C:\Users\SRIKANTH RAMAGIRI\.m2\repository\commons-logging\commons-logging\1.2\commons-logging-1.2.jar;C:\Users\SRIKANTH RAMAGIRI\.m2\repository\commons-codec\commons-codec\1.11\commons-codec-1.11.jar;C:\Users\SRIKANTH RAMAGIRI\.m2\repository\org\apache\httpcomponents\httpmime\4.5.13\httpmime-4.5.13.jar;C:\Users\SRIKANTH RAMAGIRI\.m2\repository\org\ccil\cowan\tagsoup\tagsoup\1.2.1\tagsoup-1.2.1.jar;C:\Users\SRIKANTH RAMAGIRI\.m2\repository\io\rest-assured\json-path\5.3.2\json-path-5.3.2.jar;C:\Users\SRIKANTH RAMAGIRI\.m2\repository\org\apache\groovy\groovy-json\4.0.11\groovy-json-4.0.11.jar;C:\Users\SRIKANTH RAMAGIRI\.m2\repository\io\rest-assured\rest-assured-common\5.3.2\rest-assured-common-5.3.2.jar;C:\Users\SRIKANTH RAMAGIRI\.m2\repository\io\rest-assured\xml-path\5.3.2\xml-path-5.3.2.jar;C:\Users\SRIKANTH RAMAGIRI\.m2\repository\org\apache\commons\commons-lang3\3.11\commons-lang3-3.11.jar;C:\Users\SRIKANTH RAMAGIRI\.m2\repository\org\testng\testng\7.7.1\testng-7.7.1.jar;C:\Users\SRIKANTH RAMAGIRI\.m2\repository\org\slf4j\slf4j-api\1.7.36\slf4j-api-1.7.36.jar;C:\Users\SRIKANTH RAMAGIRI\.m2\repository\org\webjars\jquery\3.6.1\jquery-3.6.1.jar;C:\Users\SRIKANTH RAMAGIRI\.m2\repository\org\hamcrest\hamcrest\2.2\hamcrest-2.2.jar;C:\Users\SRIKANTH RAMAGIRI\.m2\repository\org\apache\logging\log4j\log4j-slf4j-impl\2.22.1\log4j-slf4j-impl-2.22.1.jar;C:\Users\SRIKANTH RAMAGIRI\.m2\repository\org\apache\logging\log4j\log4j-api\2.22.1\log4j-api-2.22.1.jar;C:\Users\SRIKANTH RAMAGIRI\.m2\repository\org\apache\logging\log4j\log4j-core\2.22.1\log4j-core-2.22.1.jar;C:\Users\SRIKANTH RAMAGIRI\.m2\repository\com\beust\jcommander\1.82\jcommander-1.82.jar;C:\Users\SRIKANTH RAMAGIRI\.m2\repository\com\fasterxml\jackson\core\jackson-databind\2.16.1\jackson-databind-2.16.1.jar;C:\Users\SRIKANTH RAMAGIRI\.m2\repository\com\fasterxml\jackson\core\jackson-annotations\2.16.1\jackson-annotations-2.16.1.jar;C:\Users\SRIKANTH RAMAGIRI\.m2\repository\com\fasterxml\jackson\core\jackson-core\2.16.1\jackson-core-2.16.1.jar;"/>
    <property name="sun.cpu.endian" value="little"/>
    <property name="user.home" value="C:\Users\SRIKANTH RAMAGIRI"/>
    <property name="user.language" value="en"/>
    <property name="java.specification.vendor" value="Oracle Corporation"/>
    <property name="java.version.date" value="2023-07-18"/>
    <property name="java.home" value="C:\Program Files\Java\jdk-20"/>
    <property name="file.separator" value="\"/>
    <property name="basedir" value="C:\Users\SRIKANTH RAMAGIRI\eclipse-workspace\CucumberBddProject"/>
    <property name="java.vm.compressedOopsMode" value="Zero based"/>
    <property name="line.separator" value="&#10;"/>
    <property name="java.vm.specification.vendor" value="Oracle Corporation"/>
    <property name="java.specification.name" value="Java Platform API Specification"/>
    <property name="surefire.real.class.path" value="C:\Users\SRIKAN~1\AppData\Local\Temp\surefire9314988208440108739\surefirebooter7349991563761804872.jar"/>
    <property name="user.script" value=""/>
    <property name="sun.management.compiler" value="HotSpot 64-Bit Tiered Compilers"/>
    <property name="java.runtime.version" value="20.0.2+9-78"/>
    <property name="user.name" value="SRIKANTH RAMAGIRI"/>
    <property name="stdout.encoding" value="Cp1252"/>
    <property name="path.separator" value=";"/>
    <property name="os.version" value="10.0"/>
    <property name="java.runtime.name" value="Java(TM) SE Runtime Environment"/>
    <property name="file.encoding" value="UTF-8"/>
    <property name="java.vm.name" value="Java HotSpot(TM) 64-Bit Server VM"/>
    <property name="localRepository" value="C:\Users\SRIKANTH RAMAGIRI\.m2\repository"/>
    <property name="java.vendor.url.bug" value="https://bugreport.java.com/bugreport/"/>
    <property name="java.io.tmpdir" value="C:\Users\SRIKAN~1\AppData\Local\Temp\"/>
    <property name="java.version" value="20.0.2"/>
    <property name="user.dir" value="C:\Users\SRIKANTH RAMAGIRI\eclipse-workspace\CucumberBddProject"/>
    <property name="os.arch" value="amd64"/>
    <property name="java.vm.specification.name" value="Java Virtual Machine Specification"/>
    <property name="sun.os.patch.level" value=""/>
    <property name="native.encoding" value="Cp1252"/>
    <property name="java.library.path" value="C:\Program Files\Java\jdk-20\bin;C:\WINDOWS\Sun\Java\bin;C:\WINDOWS\system32;C:\WINDOWS;C:\Program Files\Common Files\Oracle\Java\javapath;C:\Program Files (x86)\Common Files\Oracle\Java\javapath;C:\WINDOWS\system32;C:\WINDOWS;C:\WINDOWS\System32\Wbem;C:\WINDOWS\System32\WindowsPowerShell\v1.0\;C:\WINDOWS\System32\OpenSSH\;C:\Program Files\apache-maven-3.8.4-bin\apache-maven-3.8.4\bin;C:\Program Files\Java\jdk1.8.0_311\bin;C:\Program Files\nodejs;C:\Program Files\Java\jdk-20\bin;C:\Program Files\PuTTY\;C:\Program Files\Git\cmd;C:\Users\SRIKANTH RAMAGIRI\AppData\Local\Programs\Python\Python39\Scripts\;C:\Users\SRIKANTH RAMAGIRI\AppData\Local\Programs\Python\Python39\;C:\Program Files\Java\jdk1.8.0_311\bin;C:\Users\SRIKANTH RAMAGIRI\AppData\Roaming\npm;C:\Users\SRIKANTH RAMAGIRI\AppData\Local\Programs\Microsoft VS Code\bin;C:\Users\SRIKANTH RAMAGIRI\AppData\Local\Microsoft\WindowsApps;;."/>
    <property name="java.vm.info" value="mixed mode, sharing"/>
    <property name="stderr.encoding" value="Cp1252"/>
    <property name="java.vendor" value="Oracle Corporation"/>
    <property name="java.vm.version" value="20.0.2+9-78"/>
    <property name="sun.io.unicode.encoding" value="UnicodeLittle"/>
    <property name="java.class.version" value="64.0"/>
  </properties>
</testsuite>